<?xml version="1.0" encoding="UTF-8"?>
<testsuite xmlns:xsi="http://www.w3.org/2001/XMLSchema-instance" xsi:noNamespaceSchemaLocation="https://maven.apache.org/surefire/maven-surefire-plugin/xsd/surefire-test-report-3.0.xsd" version="3.0" name="TestSuite" time="128.406" tests="6" errors="0" skipped="0" failures="3">
  <properties>
    <property name="sun.desktop" value="windows"/>
    <property name="awt.toolkit" value="sun.awt.windows.WToolkit"/>
    <property name="file.encoding.pkg" value="sun.io"/>
    <property name="java.specification.version" value="1.8"/>
    <property name="webdriver.chrome.driver" value="C:\Users\Meenal\eclipse-workspace\E2EProject\src\main\resources\chromedriver.exe"/>
    <property name="sun.cpu.isalist" value="amd64"/>
    <property name="sun.jnu.encoding" value="Cp1252"/>
    <property name="java.class.path" value="C:\Users\Meenal\eclipse-workspace\E2EProject\target\test-classes;C:\Users\Meenal\eclipse-workspace\E2EProject\target\classes;C:\Users\Meenal\.m2\repository\junit\junit\4.11\junit-4.11.jar;C:\Users\Meenal\.m2\repository\org\hamcrest\hamcrest-core\1.3\hamcrest-core-1.3.jar;C:\Users\Meenal\.m2\repository\commons-io\commons-io\2.6\commons-io-2.6.jar;C:\Users\Meenal\.m2\repository\com\aventstack\extentreports\4.1.4\extentreports-4.1.4.jar;C:\Users\Meenal\.m2\repository\org\freemarker\freemarker\2.3.29\freemarker-2.3.29.jar;C:\Users\Meenal\.m2\repository\org\apache\httpcomponents\httpclient\4.5.2\httpclient-4.5.2.jar;C:\Users\Meenal\.m2\repository\org\apache\httpcomponents\httpcore\4.4.4\httpcore-4.4.4.jar;C:\Users\Meenal\.m2\repository\commons-logging\commons-logging\1.2\commons-logging-1.2.jar;C:\Users\Meenal\.m2\repository\commons-codec\commons-codec\1.9\commons-codec-1.9.jar;C:\Users\Meenal\.m2\repository\org\apache\httpcomponents\httpmime\4.5.2\httpmime-4.5.2.jar;C:\Users\Meenal\.m2\repository\com\google\code\gson\gson\2.8.6\gson-2.8.6.jar;C:\Users\Meenal\.m2\repository\org\mongodb\mongodb-driver\3.12.0\mongodb-driver-3.12.0.jar;C:\Users\Meenal\.m2\repository\org\mongodb\mongodb-driver-core\3.12.0\mongodb-driver-core-3.12.0.jar;C:\Users\Meenal\.m2\repository\org\mongodb\bson\3.12.0\bson-3.12.0.jar;C:\Users\Meenal\.m2\repository\org\apache\logging\log4j\log4j-api\2.11.2\log4j-api-2.11.2.jar;C:\Users\Meenal\.m2\repository\org\apache\logging\log4j\log4j-core\2.11.2\log4j-core-2.11.2.jar;C:\Users\Meenal\.m2\repository\org\seleniumhq\selenium\selenium-java\3.141.59\selenium-java-3.141.59.jar;C:\Users\Meenal\.m2\repository\org\seleniumhq\selenium\selenium-api\3.141.59\selenium-api-3.141.59.jar;C:\Users\Meenal\.m2\repository\org\seleniumhq\selenium\selenium-chrome-driver\3.141.59\selenium-chrome-driver-3.141.59.jar;C:\Users\Meenal\.m2\repository\org\seleniumhq\selenium\selenium-edge-driver\3.141.59\selenium-edge-driver-3.141.59.jar;C:\Users\Meenal\.m2\repository\org\seleniumhq\selenium\selenium-firefox-driver\3.141.59\selenium-firefox-driver-3.141.59.jar;C:\Users\Meenal\.m2\repository\org\seleniumhq\selenium\selenium-ie-driver\3.141.59\selenium-ie-driver-3.141.59.jar;C:\Users\Meenal\.m2\repository\org\seleniumhq\selenium\selenium-opera-driver\3.141.59\selenium-opera-driver-3.141.59.jar;C:\Users\Meenal\.m2\repository\org\seleniumhq\selenium\selenium-remote-driver\3.141.59\selenium-remote-driver-3.141.59.jar;C:\Users\Meenal\.m2\repository\org\seleniumhq\selenium\selenium-safari-driver\3.141.59\selenium-safari-driver-3.141.59.jar;C:\Users\Meenal\.m2\repository\org\seleniumhq\selenium\selenium-support\3.141.59\selenium-support-3.141.59.jar;C:\Users\Meenal\.m2\repository\net\bytebuddy\byte-buddy\1.8.15\byte-buddy-1.8.15.jar;C:\Users\Meenal\.m2\repository\org\apache\commons\commons-exec\1.3\commons-exec-1.3.jar;C:\Users\Meenal\.m2\repository\com\google\guava\guava\25.0-jre\guava-25.0-jre.jar;C:\Users\Meenal\.m2\repository\com\google\code\findbugs\jsr305\1.3.9\jsr305-1.3.9.jar;C:\Users\Meenal\.m2\repository\org\checkerframework\checker-compat-qual\2.0.0\checker-compat-qual-2.0.0.jar;C:\Users\Meenal\.m2\repository\com\google\errorprone\error_prone_annotations\2.1.3\error_prone_annotations-2.1.3.jar;C:\Users\Meenal\.m2\repository\com\google\j2objc\j2objc-annotations\1.1\j2objc-annotations-1.1.jar;C:\Users\Meenal\.m2\repository\org\codehaus\mojo\animal-sniffer-annotations\1.14\animal-sniffer-annotations-1.14.jar;C:\Users\Meenal\.m2\repository\com\squareup\okhttp3\okhttp\3.11.0\okhttp-3.11.0.jar;C:\Users\Meenal\.m2\repository\com\squareup\okio\okio\1.14.0\okio-1.14.0.jar;C:\Users\Meenal\.m2\repository\org\testng\testng\7.3.0\testng-7.3.0.jar;C:\Users\Meenal\.m2\repository\com\beust\jcommander\1.78\jcommander-1.78.jar;C:\Users\Meenal\.m2\repository\org\apache\ant\ant\1.10.3\ant-1.10.3.jar;C:\Users\Meenal\.m2\repository\org\apache\ant\ant-launcher\1.10.3\ant-launcher-1.10.3.jar;C:\Users\Meenal\.m2\repository\com\google\inject\guice\4.2.2\guice-4.2.2-no_aop.jar;C:\Users\Meenal\.m2\repository\javax\inject\javax.inject\1\javax.inject-1.jar;C:\Users\Meenal\.m2\repository\aopalliance\aopalliance\1.0\aopalliance-1.0.jar;C:\Users\Meenal\.m2\repository\org\yaml\snakeyaml\1.21\snakeyaml-1.21.jar;"/>
    <property name="java.vm.vendor" value="Oracle Corporation"/>
    <property name="sun.arch.data.model" value="64"/>
    <property name="user.variant" value=""/>
    <property name="java.vendor.url" value="http://java.oracle.com/"/>
    <property name="user.timezone" value="Asia/Calcutta"/>
    <property name="java.vm.specification.version" value="1.8"/>
    <property name="os.name" value="Windows 10"/>
    <property name="user.country" value="IN"/>
    <property name="sun.java.launcher" value="SUN_STANDARD"/>
    <property name="sun.boot.library.path" value="C:\Program Files\Java\jdk1.8.0_271\jre\bin"/>
    <property name="sun.java.command" value="C:\Users\Meenal\AppData\Local\Temp\surefire1304305216906784754\surefirebooter4918402669148073545.jar C:\Users\Meenal\AppData\Local\Temp\surefire1304305216906784754 2021-01-03T18-55-54_025-jvmRun1 surefire5810602483142640854tmp surefire_0172564230958615690tmp"/>
    <property name="surefire.test.class.path" value="C:\Users\Meenal\eclipse-workspace\E2EProject\target\test-classes;C:\Users\Meenal\eclipse-workspace\E2EProject\target\classes;C:\Users\Meenal\.m2\repository\junit\junit\4.11\junit-4.11.jar;C:\Users\Meenal\.m2\repository\org\hamcrest\hamcrest-core\1.3\hamcrest-core-1.3.jar;C:\Users\Meenal\.m2\repository\commons-io\commons-io\2.6\commons-io-2.6.jar;C:\Users\Meenal\.m2\repository\com\aventstack\extentreports\4.1.4\extentreports-4.1.4.jar;C:\Users\Meenal\.m2\repository\org\freemarker\freemarker\2.3.29\freemarker-2.3.29.jar;C:\Users\Meenal\.m2\repository\org\apache\httpcomponents\httpclient\4.5.2\httpclient-4.5.2.jar;C:\Users\Meenal\.m2\repository\org\apache\httpcomponents\httpcore\4.4.4\httpcore-4.4.4.jar;C:\Users\Meenal\.m2\repository\commons-logging\commons-logging\1.2\commons-logging-1.2.jar;C:\Users\Meenal\.m2\repository\commons-codec\commons-codec\1.9\commons-codec-1.9.jar;C:\Users\Meenal\.m2\repository\org\apache\httpcomponents\httpmime\4.5.2\httpmime-4.5.2.jar;C:\Users\Meenal\.m2\repository\com\google\code\gson\gson\2.8.6\gson-2.8.6.jar;C:\Users\Meenal\.m2\repository\org\mongodb\mongodb-driver\3.12.0\mongodb-driver-3.12.0.jar;C:\Users\Meenal\.m2\repository\org\mongodb\mongodb-driver-core\3.12.0\mongodb-driver-core-3.12.0.jar;C:\Users\Meenal\.m2\repository\org\mongodb\bson\3.12.0\bson-3.12.0.jar;C:\Users\Meenal\.m2\repository\org\apache\logging\log4j\log4j-api\2.11.2\log4j-api-2.11.2.jar;C:\Users\Meenal\.m2\repository\org\apache\logging\log4j\log4j-core\2.11.2\log4j-core-2.11.2.jar;C:\Users\Meenal\.m2\repository\org\seleniumhq\selenium\selenium-java\3.141.59\selenium-java-3.141.59.jar;C:\Users\Meenal\.m2\repository\org\seleniumhq\selenium\selenium-api\3.141.59\selenium-api-3.141.59.jar;C:\Users\Meenal\.m2\repository\org\seleniumhq\selenium\selenium-chrome-driver\3.141.59\selenium-chrome-driver-3.141.59.jar;C:\Users\Meenal\.m2\repository\org\seleniumhq\selenium\selenium-edge-driver\3.141.59\selenium-edge-driver-3.141.59.jar;C:\Users\Meenal\.m2\repository\org\seleniumhq\selenium\selenium-firefox-driver\3.141.59\selenium-firefox-driver-3.141.59.jar;C:\Users\Meenal\.m2\repository\org\seleniumhq\selenium\selenium-ie-driver\3.141.59\selenium-ie-driver-3.141.59.jar;C:\Users\Meenal\.m2\repository\org\seleniumhq\selenium\selenium-opera-driver\3.141.59\selenium-opera-driver-3.141.59.jar;C:\Users\Meenal\.m2\repository\org\seleniumhq\selenium\selenium-remote-driver\3.141.59\selenium-remote-driver-3.141.59.jar;C:\Users\Meenal\.m2\repository\org\seleniumhq\selenium\selenium-safari-driver\3.141.59\selenium-safari-driver-3.141.59.jar;C:\Users\Meenal\.m2\repository\org\seleniumhq\selenium\selenium-support\3.141.59\selenium-support-3.141.59.jar;C:\Users\Meenal\.m2\repository\net\bytebuddy\byte-buddy\1.8.15\byte-buddy-1.8.15.jar;C:\Users\Meenal\.m2\repository\org\apache\commons\commons-exec\1.3\commons-exec-1.3.jar;C:\Users\Meenal\.m2\repository\com\google\guava\guava\25.0-jre\guava-25.0-jre.jar;C:\Users\Meenal\.m2\repository\com\google\code\findbugs\jsr305\1.3.9\jsr305-1.3.9.jar;C:\Users\Meenal\.m2\repository\org\checkerframework\checker-compat-qual\2.0.0\checker-compat-qual-2.0.0.jar;C:\Users\Meenal\.m2\repository\com\google\errorprone\error_prone_annotations\2.1.3\error_prone_annotations-2.1.3.jar;C:\Users\Meenal\.m2\repository\com\google\j2objc\j2objc-annotations\1.1\j2objc-annotations-1.1.jar;C:\Users\Meenal\.m2\repository\org\codehaus\mojo\animal-sniffer-annotations\1.14\animal-sniffer-annotations-1.14.jar;C:\Users\Meenal\.m2\repository\com\squareup\okhttp3\okhttp\3.11.0\okhttp-3.11.0.jar;C:\Users\Meenal\.m2\repository\com\squareup\okio\okio\1.14.0\okio-1.14.0.jar;C:\Users\Meenal\.m2\repository\org\testng\testng\7.3.0\testng-7.3.0.jar;C:\Users\Meenal\.m2\repository\com\beust\jcommander\1.78\jcommander-1.78.jar;C:\Users\Meenal\.m2\repository\org\apache\ant\ant\1.10.3\ant-1.10.3.jar;C:\Users\Meenal\.m2\repository\org\apache\ant\ant-launcher\1.10.3\ant-launcher-1.10.3.jar;C:\Users\Meenal\.m2\repository\com\google\inject\guice\4.2.2\guice-4.2.2-no_aop.jar;C:\Users\Meenal\.m2\repository\javax\inject\javax.inject\1\javax.inject-1.jar;C:\Users\Meenal\.m2\repository\aopalliance\aopalliance\1.0\aopalliance-1.0.jar;C:\Users\Meenal\.m2\repository\org\yaml\snakeyaml\1.21\snakeyaml-1.21.jar;"/>
    <property name="sun.cpu.endian" value="little"/>
    <property name="user.home" value="C:\Users\Meenal"/>
    <property name="user.language" value="en"/>
    <property name="java.specification.vendor" value="Oracle Corporation"/>
    <property name="java.home" value="C:\Program Files\Java\jdk1.8.0_271\jre"/>
    <property name="basedir" value="C:\Users\Meenal\eclipse-workspace\E2EProject"/>
    <property name="file.separator" value="\"/>
    <property name="line.separator" value="&#10;"/>
    <property name="java.vm.specification.vendor" value="Oracle Corporation"/>
    <property name="java.specification.name" value="Java Platform API Specification"/>
    <property name="java.awt.graphicsenv" value="sun.awt.Win32GraphicsEnvironment"/>
    <property name="surefire.real.class.path" value="C:\Users\Meenal\AppData\Local\Temp\surefire1304305216906784754\surefirebooter4918402669148073545.jar"/>
    <property name="sun.boot.class.path" value="C:\Program Files\Java\jdk1.8.0_271\jre\lib\resources.jar;C:\Program Files\Java\jdk1.8.0_271\jre\lib\rt.jar;C:\Program Files\Java\jdk1.8.0_271\jre\lib\sunrsasign.jar;C:\Program Files\Java\jdk1.8.0_271\jre\lib\jsse.jar;C:\Program Files\Java\jdk1.8.0_271\jre\lib\jce.jar;C:\Program Files\Java\jdk1.8.0_271\jre\lib\charsets.jar;C:\Program Files\Java\jdk1.8.0_271\jre\lib\jfr.jar;C:\Program Files\Java\jdk1.8.0_271\jre\classes"/>
    <property name="user.script" value=""/>
    <property name="sun.management.compiler" value="HotSpot 64-Bit Tiered Compilers"/>
    <property name="java.runtime.version" value="1.8.0_271-b09"/>
    <property name="user.name" value="Meenal"/>
    <property name="path.separator" value=";"/>
    <property name="os.version" value="10.0"/>
    <property name="java.endorsed.dirs" value="C:\Program Files\Java\jdk1.8.0_271\jre\lib\endorsed"/>
    <property name="java.runtime.name" value="Java(TM) SE Runtime Environment"/>
    <property name="file.encoding" value="Cp1252"/>
    <property name="browser" value="chrome"/>
    <property name="java.vm.name" value="Java HotSpot(TM) 64-Bit Server VM"/>
    <property name="localRepository" value="C:\Users\Meenal\.m2\repository"/>
    <property name="java.vendor.url.bug" value="http://bugreport.sun.com/bugreport/"/>
    <property name="java.io.tmpdir" value="C:\Users\Meenal\AppData\Local\Temp\"/>
    <property name="java.version" value="1.8.0_271"/>
    <property name="user.dir" value="C:\Users\Meenal\eclipse-workspace\E2EProject"/>
    <property name="os.arch" value="amd64"/>
    <property name="java.vm.specification.name" value="Java Virtual Machine Specification"/>
    <property name="java.awt.printerjob" value="sun.awt.windows.WPrinterJob"/>
    <property name="sun.os.patch.level" value=""/>
    <property name="java.library.path" value="C:\Program Files\Java\jdk1.8.0_271\jre\bin;C:\windows\Sun\Java\bin;C:\windows\system32;C:\windows;C:\Program Files\Java\jdk1.8.0_271\bin;C:\Users\Meenal\Desktop\Selenium\apache-maven-3.6.3-bin\apache-maven-3.6.3\bin;C:\Program Files (x86)\Common Files\Oracle\Java\javapath;C:\Program Files\Common Files\Oracle\Java\javapath;C:\windows\system32;C:\windows;C:\windows\System32\Wbem;C:\windows\System32\WindowsPowerShell\v1.0\;C:\windows\System32\OpenSSH\;C:\Program Files (x86)\NVIDIA Corporation\PhysX\Common;C:\Program Files\NVIDIA Corporation\NVIDIA NvDLISR;C:\Users\Meenal\AppData\Local\Microsoft\WindowsApps;;."/>
    <property name="java.vm.info" value="mixed mode"/>
    <property name="java.vendor" value="Oracle Corporation"/>
    <property name="java.vm.version" value="25.271-b09"/>
    <property name="java.ext.dirs" value="C:\Program Files\Java\jdk1.8.0_271\jre\lib\ext;C:\windows\Sun\Java\lib\ext"/>
    <property name="sun.io.unicode.encoding" value="UnicodeLittle"/>
    <property name="java.class.version" value="52.0"/>
  </properties>
  <testcase name="landingtoHomePage" classname="Academy.validateTitle" time="0.092">
    <failure message="expected [FEATUREDaaa COURSES123] but found [FEATURED COURSES]" type="java.lang.AssertionError"><![CDATA[java.lang.AssertionError: expected [FEATUREDaaa COURSES123] but found [FEATURED COURSES]
	at Academy.validateTitle.landingtoHomePage(validateTitle.java:43)
]]></failure>
    <system-out><![CDATA[chrome
chrome
chrome
]]></system-out>
    <system-err><![CDATA[Starting ChromeDriver 87.0.4280.20 (c99e81631faa0b2Sat4ar4t8ei6n5g8 cC0dhbrdo8m3e1D1rfib0v4erd db8d7-.r0ef.s4/2b8r0a.n2ch0- (hcea9d9se/84218603@1{#f3a5a50}b) 2oan4 4p8ore6t 5284c106d1bd
O8n3l1Sy1 tflabor0cat4l idcndogbn dnCe-hcrrteoifmosne/sDb rraiarvee nrac lh8l-7oh.we0ea.dd4.s2/8
40P2.l82e00a@ s{(e#c 39s59e5ee}8 1h6t)3t 1pofsna: /pa/o0crbht2r oa1m41e418der56i65v8e
crO0.ndclhbydr 8ol3mo1ic1uafmlb. 0oc4rdogdn/bnsde-ecrcuefrtsii/tobyrn-ascn ocnahs-rihede eadrasal/tl4i2oo8nw0se@ {df#.o3r5 5s
}uP)gl goeenas stpeio orstne se3  5ho2tn1t 7pkse:
/Oe/npclihynr gol moeCcdharrlio vmceeorD.nrcnihevrceotrmi iosunams.f oear.rge/
s eaclulroiwteyd-.con
sPildeearsaeti osnese  fhotrtps ://scuhrgomgedersitvieorn.csh rono mkiueme.poirngg/ sCehcruroimteyD-rciovnesri dsearaftei.on
s for suggestions on keeping ChromeDriver safe.
ChrComherDormievDerri vwears  wsatsa rstteadr tseudc cseuscscfesusflullyl.y
.
ChromeDriver was started successfully.
Jan 03, 2021 6:56:00 PM org.openqa.selenium.remote.ProtocolHandshake createSession
INFO: Detected dialect: W3C
Jan 03, 2021 6:56:00 PM org.openqa.selenium.remote.ProtocolHandshake createSession
INFO: Detected dialect: W3C
Jan 03, 2021 6:56:00 PM org.openqa.selenium.remote.ProtocolHandshake createSession
INFO: Detected dialect: W3C
]]></system-err>
  </testcase>
  <testcase name="landingtoHomePage" classname="Academy.validateTitle" time="31.387">
    <failure message="timeout: Timed out receiving message from renderer: 10.000&#10;  (Session info: chrome=87.0.4280.88)&#10;Build info: version: &apos;3.141.59&apos;, revision: &apos;e82be7d358&apos;, time: &apos;2018-11-14T08:17:03&apos;&#10;System info: host: &apos;LAPTOP-S26B4QU4&apos;, ip: &apos;192.168.43.50&apos;, os.name: &apos;Windows 10&apos;, os.arch: &apos;amd64&apos;, os.version: &apos;10.0&apos;, java.version: &apos;1.8.0_271&apos;&#10;Driver info: org.openqa.selenium.chrome.ChromeDriver&#10;Capabilities {acceptInsecureCerts: false, browserName: chrome, browserVersion: 87.0.4280.88, chrome: {chromedriverVersion: 87.0.4280.20 (c99e81631faa0..., userDataDir: C:\Users\Meenal\AppData\Loc...}, goog:chromeOptions: {debuggerAddress: localhost:51774}, javascriptEnabled: true, networkConnectionEnabled: false, pageLoadStrategy: normal, platform: WINDOWS, platformName: WINDOWS, proxy: Proxy(), setWindowRect: true, strictFileInteractability: false, timeouts: {implicit: 0, pageLoad: 300000, script: 30000}, unhandledPromptBehavior: dismiss and notify, webauthn:virtualAuthenticators: true}&#10;Session ID: fa6e4b2a826bd042adadbdcd748a3070" type="org.openqa.selenium.TimeoutException"><![CDATA[org.openqa.selenium.TimeoutException: 
timeout: Timed out receiving message from renderer: 10.000
  (Session info: chrome=87.0.4280.88)
Build info: version: '3.141.59', revision: 'e82be7d358', time: '2018-11-14T08:17:03'
System info: host: 'LAPTOP-S26B4QU4', ip: '192.168.43.50', os.name: 'Windows 10', os.arch: 'amd64', os.version: '10.0', java.version: '1.8.0_271'
Driver info: org.openqa.selenium.chrome.ChromeDriver
Capabilities {acceptInsecureCerts: false, browserName: chrome, browserVersion: 87.0.4280.88, chrome: {chromedriverVersion: 87.0.4280.20 (c99e81631faa0..., userDataDir: C:\Users\Meenal\AppData\Loc...}, goog:chromeOptions: {debuggerAddress: localhost:51774}, javascriptEnabled: true, networkConnectionEnabled: false, pageLoadStrategy: normal, platform: WINDOWS, platformName: WINDOWS, proxy: Proxy(), setWindowRect: true, strictFileInteractability: false, timeouts: {implicit: 0, pageLoad: 300000, script: 30000}, unhandledPromptBehavior: dismiss and notify, webauthn:virtualAuthenticators: true}
Session ID: fa6e4b2a826bd042adadbdcd748a3070
]]></failure>
    <system-err><![CDATA[[1609680450.445][SEVERE]: Timed out receiving message from renderer: 10.000
[1609680450.445][WARNING]: screenshot failed, retrying timeout: Timed out receiving message from renderer: 10.000
[1609680460.454][SEVERE]: Timed out receiving message from renderer: 10.000
[1609680470.471][SEVERE]: Timed out receiving message from renderer: 10.000
[1609680470.472][WARNING]: screenshot failed, retrying timeout: Timed out receiving message from renderer: 10.000
[1609680480.473][SEVERE]: Timed out receiving message from renderer: 10.000
]]></system-err>
  </testcase>
  <testcase name="validateHeader" classname="Academy.validateTitle" time="0.063">
    <failure message="expected [An Academy to learn Everything about Testing] but found [AN ACADEMY TO LEARN EVERYTHING ABOUT TESTING]" type="java.lang.AssertionError"><![CDATA[java.lang.AssertionError: expected [An Academy to learn Everything about Testing] but found [AN ACADEMY TO LEARN EVERYTHING ABOUT TESTING]
	at Academy.validateTitle.validateHeader(validateTitle.java:58)
]]></failure>
    <system-out><![CDATA[validating Header
validating Header
]]></system-out>
  </testcase>
  <testcase name="landingtoHomePage[unrestricted@qw.com, 1234, unrestricted user](1)" classname="Academy.HomePage" time="16.065">
    <system-err><![CDATA[[1609680430.432][SEVERE]: Timed out receiving message from renderer: 10.000
[1609680430.432][WARNING]: screenshot failed, retrying timeout: Timed out receiving message from renderer: 10.000
]]></system-err>
  </testcase>
  <testcase name="landingtoHomePage[restricted@qw.com, 5678, restricted user](2)" classname="Academy.HomePage" time="5.366">
    <system-err><![CDATA[[1609680440.441][SEVERE]: Timed out receiving message from renderer: 10.000
]]></system-err>
  </testcase>
  <testcase name="landingtoHomePage" classname="Academy.validateNavigationBar" time="0.06">
    <system-out><![CDATA[trying to navigate
]]></system-out>
  </testcase>
</testsuite>