<?xml version="1.0" encoding="UTF-8"?>
<!-- Generated by org.testng.reporters.JUnitReportReporter -->
<testsuite skipped="0" hostname="LAPTOP-S26B4QU4" name="Academy.validateNavigationBar" tests="1" failures="0" timestamp="2021-01-03T18:58:03 IST" time="0.060" errors="0">
  <testcase name="landingtoHomePage" time="0.060" classname="Academy.validateNavigationBar"/>
  <system-out/>
</testsuite> <!-- Academy.validateNavigationBar -->
