<?xml version="1.0" encoding="UTF-8"?>
<!-- Generated by org.testng.reporters.JUnitReportReporter -->
<testsuite skipped="0" hostname="LAPTOP-S26B4QU4" name="Academy.HomePage" tests="2" failures="0" timestamp="2021-01-03T18:58:03 IST" time="81.489" errors="0">
  <testcase name="landingtoHomePage" time="76.120" classname="Academy.HomePage"/>
  <system-out/>
  <testcase name="landingtoHomePage" time="5.369" classname="Academy.HomePage"/>
  <system-out/>
</testsuite> <!-- Academy.HomePage -->
